<?xml version="1.0" encoding="UTF-8"?>
<testsuite name="com.telran.addressbook.tests.GroupCreationTests" tests="1" skipped="0" failures="0" errors="0" timestamp="2018-11-02T10:03:46" hostname="Irishka" time="2.531">
  <properties/>
  <testcase name="testGroupCreation" classname="com.telran.addressbook.tests.GroupCreationTests" time="2.531"/>
  <system-out><![CDATA[]]></system-out>
  <system-err><![CDATA[]]></system-err>
</testsuite>
